<?xml version="1.0" encoding="UTF-8"?>
<!-- Generated by org.testng.reporters.JUnitReportReporter -->
<testsuite skipped="0" hostname="IT364925" name="com.receipting.test.PSFFetchData" tests="10" failures="0" timestamp="05 Feb 2019 03:31:40 GMT" time="1168.873" errors="0">
  <testcase name="getRequestData" time="241.482" classname="com.receipting.test.PSFFetchData"/>
  <testcase name="getRequestData" time="438.359" classname="com.receipting.test.PSFFetchData"/>
  <testcase name="getRequestData" time="106.135" classname="com.receipting.test.PSFFetchData"/>
  <testcase name="getPoCancelledAndCompletedData" time="27.295" classname="com.receipting.test.PSFFetchData"/>
  <testcase name="getPoCancelledAndCompletedData" time="74.704" classname="com.receipting.test.PSFFetchData"/>
  <testcase name="getPoCancelledAndCompletedData" time="78.250" classname="com.receipting.test.PSFFetchData"/>
  <testcase name="getTravelRelatedData" time="158.568" classname="com.receipting.test.PSFFetchData"/>
  <testcase name="getIncorrectPOData" time="14.924" classname="com.receipting.test.PSFFetchData"/>
  <testcase name="getIncorrectPOData" time="14.930" classname="com.receipting.test.PSFFetchData"/>
  <testcase name="getIncorrectPOData" time="14.226" classname="com.receipting.test.PSFFetchData"/>
</testsuite> <!-- com.receipting.test.PSFFetchData -->
