<?xml version="1.0" encoding="UTF-8"?>
<!-- Generated by org.testng.reporters.JUnitReportReporter -->
<testsuite skipped="0" hostname="IT364925" name="com.receipting.test.PSFFetchData" tests="3" failures="0" timestamp="07 Feb 2019 18:47:56 GMT" time="51.169" errors="0">
  <testcase name="getIncorrectPOData" time="16.266" classname="com.receipting.test.PSFFetchData"/>
  <testcase name="getIncorrectPOData" time="15.044" classname="com.receipting.test.PSFFetchData"/>
  <testcase name="getIncorrectPOData" time="19.859" classname="com.receipting.test.PSFFetchData"/>
</testsuite> <!-- com.receipting.test.PSFFetchData -->
