<?xml version="1.0" encoding="UTF-8"?>
<!-- Generated by org.testng.reporters.JUnitReportReporter -->
<testsuite skipped="0" hostname="IT364925" name="com.receipting.test.PSFFetchData" tests="10" failures="0" timestamp="11 Feb 2019 04:16:07 GMT" time="645.900" errors="0">
  <testcase name="getRequestData" time="217.272" classname="com.receipting.test.PSFFetchData"/>
  <testcase name="getRequestData" time="107.376" classname="com.receipting.test.PSFFetchData"/>
  <testcase name="getPoCancelledAndCompletedData" time="85.128" classname="com.receipting.test.PSFFetchData"/>
  <testcase name="getPoCancelledAndCompletedData" time="26.146" classname="com.receipting.test.PSFFetchData"/>
  <testcase name="getPoCancelledAndCompletedData" time="75.486" classname="com.receipting.test.PSFFetchData"/>
  <testcase name="getSciQuestData" time="15.927" classname="com.receipting.test.PSFFetchData"/>
  <testcase name="getIncorrectPOData" time="12.776" classname="com.receipting.test.PSFFetchData"/>
  <testcase name="getIncorrectPOData" time="14.684" classname="com.receipting.test.PSFFetchData"/>
  <testcase name="getIncorrectPOData" time="13.016" classname="com.receipting.test.PSFFetchData"/>
  <testcase name="getTravelRelatedData" time="78.089" classname="com.receipting.test.PSFFetchData"/>
</testsuite> <!-- com.receipting.test.PSFFetchData -->
