<?xml version="1.0" encoding="UTF-8"?>
<!-- Generated by org.testng.reporters.JUnitReportReporter -->
<testsuite skipped="9" hostname="IT364925" name="com.receipting.test.PSFFetchData" tests="10" failures="0" timestamp="11 Feb 2019 21:06:23 GMT" time="17.307" errors="0">
  <testcase name="getRequestData" time="0.004" classname="com.receipting.test.PSFFetchData">
    <skipped/>
  </testcase> <!-- getRequestData -->
  <testcase name="getRequestData" time="0.005" classname="com.receipting.test.PSFFetchData">
    <skipped/>
  </testcase> <!-- getRequestData -->
  <testcase name="getPoCancelledAndCompletedData" time="0.003" classname="com.receipting.test.PSFFetchData">
    <skipped/>
  </testcase> <!-- getPoCancelledAndCompletedData -->
  <testcase name="getPoCancelledAndCompletedData" time="0.001" classname="com.receipting.test.PSFFetchData">
    <skipped/>
  </testcase> <!-- getPoCancelledAndCompletedData -->
  <testcase name="getPoCancelledAndCompletedData" time="0.001" classname="com.receipting.test.PSFFetchData">
    <skipped/>
  </testcase> <!-- getPoCancelledAndCompletedData -->
  <testcase name="getSciQuestData" time="17.289" classname="com.receipting.test.PSFFetchData"/>
  <testcase name="getIncorrectPOData" time="0.001" classname="com.receipting.test.PSFFetchData">
    <skipped/>
  </testcase> <!-- getIncorrectPOData -->
  <testcase name="getIncorrectPOData" time="0.001" classname="com.receipting.test.PSFFetchData">
    <skipped/>
  </testcase> <!-- getIncorrectPOData -->
  <testcase name="getTravelRelatedData" time="0.001" classname="com.receipting.test.PSFFetchData">
    <skipped/>
  </testcase> <!-- getTravelRelatedData -->
  <testcase name="getIncorrectPOData" time="0.001" classname="com.receipting.test.PSFFetchData">
    <skipped/>
  </testcase> <!-- getIncorrectPOData -->
</testsuite> <!-- com.receipting.test.PSFFetchData -->
